2020-03-12 06:59:41:父进程的->id：626
2020-03-12 06:59:41:初始化的程序和参数-子进程:627-0

2020-03-12 06:59:41:初始化的程序和参数-子进程:628-0

2020-03-12 06:59:42:初始化的程序和参数-子进程:627-1

2020-03-12 06:59:42:初始化的程序和参数-子进程:628-1

2020-03-12 06:59:43:初始化的程序和参数-子进程:627-2

2020-03-12 06:59:43:初始化的程序和参数-子进程:628-2

2020-03-12 06:59:44:初始化的程序和参数-子进程:627-3

2020-03-12 06:59:44:初始化的程序和参数-子进程:628-3

2020-03-12 06:59:45:初始化的程序和参数-子进程:627-4

2020-03-12 06:59:45:初始化的程序和参数-子进程:628-4

2020-03-12 06:59:46:初始化的程序和参数-子进程:627-5

2020-03-12 06:59:46:初始化的程序和参数-子进程:628-5

2020-03-12 06:59:47:初始化的程序和参数-子进程:627-6

2020-03-12 06:59:47:初始化的程序和参数-子进程:628-6

2020-03-12 06:59:48:初始化的程序和参数-子进程:627-7

2020-03-12 06:59:48:初始化的程序和参数-子进程:628-7

2020-03-12 06:59:49:初始化的程序和参数-子进程:627-8

2020-03-12 06:59:49:初始化的程序和参数-子进程:628-8

2020-03-12 06:59:50:初始化的程序和参数-子进程:627-9

2020-03-12 06:59:50:初始化的程序和参数-子进程:628-9

2020-03-12 06:59:51:子进程执行10次后退出:627-10

2020-03-12 06:59:51:子进程执行10次后退出:628-10

2020-03-12 06:59:51:监听子进程：627，退出
2020-03-12 06:59:51:do dispatch
2020-03-12 06:59:51:get signal and exit
